{"C:\\Users\\Administrator\\Documents\\DiscordBot\\test\\wordSquareTests.js":{"path":"C:\\Users\\Administrator\\Documents\\DiscordBot\\test\\wordSquareTests.js","s":{"1":1,"2":1,"3":0,"4":0,"5":0,"6":0,"7":0,"8":0,"9":0,"10":0,"11":0,"12":0,"13":0,"14":0,"15":0,"16":0,"17":0,"18":0},"b":{},"f":{"1":0,"2":0,"3":0,"4":0,"5":0,"6":0},"fnMap":{"1":{"name":"(anonymous_1)","line":5,"loc":{"start":{"line":5,"column":39},"end":{"line":5,"column":51}}},"2":{"name":"(anonymous_2)","line":6,"loc":{"start":{"line":6,"column":61},"end":{"line":6,"column":77}}},"3":{"name":"(anonymous_3)","line":12,"loc":{"start":{"line":12,"column":45},"end":{"line":12,"column":57}}},"4":{"name":"(anonymous_4)","line":13,"loc":{"start":{"line":13,"column":111},"end":{"line":13,"column":127}}},"5":{"name":"(anonymous_5)","line":21,"loc":{"start":{"line":21,"column":37},"end":{"line":21,"column":49}}},"6":{"name":"(anonymous_6)","line":22,"loc":{"start":{"line":22,"column":122},"end":{"line":22,"column":138}}}},"statementMap":{"1":{"start":{"line":3,"column":0},"end":{"line":3,"column":81}},"2":{"start":{"line":5,"column":0},"end":{"line":10,"column":3}},"3":{"start":{"line":6,"column":4},"end":{"line":9,"column":7}},"4":{"start":{"line":7,"column":8},"end":{"line":7,"column":71}},"5":{"start":{"line":8,"column":8},"end":{"line":8,"column":15}},"6":{"start":{"line":12,"column":0},"end":{"line":19,"column":3}},"7":{"start":{"line":13,"column":4},"end":{"line":18,"column":7}},"8":{"start":{"line":14,"column":8},"end":{"line":14,"column":70}},"9":{"start":{"line":15,"column":8},"end":{"line":15,"column":76}},"10":{"start":{"line":16,"column":8},"end":{"line":16,"column":76}},"11":{"start":{"line":17,"column":8},"end":{"line":17,"column":15}},"12":{"start":{"line":21,"column":0},"end":{"line":29,"column":3}},"13":{"start":{"line":22,"column":4},"end":{"line":28,"column":7}},"14":{"start":{"line":23,"column":8},"end":{"line":23,"column":70}},"15":{"start":{"line":24,"column":8},"end":{"line":24,"column":97}},"16":{"start":{"line":25,"column":8},"end":{"line":25,"column":97}},"17":{"start":{"line":26,"column":8},"end":{"line":26,"column":97}},"18":{"start":{"line":27,"column":8},"end":{"line":27,"column":15}}},"branchMap":{}}}